<?xml version="1.0" encoding="UTF-8"?>
<testng-results ignored="0" total="3" passed="3" failed="0" skipped="0">
  <reporter-output>
  </reporter-output>
  <suite started-at="2022-06-26T21:25:12 GMT+05:30" name="Default suite" finished-at="2022-06-26T21:25:23 GMT+05:30" duration-ms="11362">
    <groups>
    </groups>
    <test started-at="2022-06-26T21:25:12 GMT+05:30" name="Default test" finished-at="2022-06-26T21:25:23 GMT+05:30" duration-ms="11362">
      <class name="rehubaTestcases.testcases">
        <test-method is-config="true" signature="beforeSuite()[pri:0, instance:rehubaTestcases.testcases@5965d37]" started-at="2022-06-26T21:25:12 GMT+05:30" name="beforeSuite" finished-at="2022-06-26T21:25:12 GMT+05:30" duration-ms="29" status="PASS">
          <reporter-output>
          </reporter-output>
        </test-method> <!-- beforeSuite -->
        <test-method is-config="true" signature="beforeTest()[pri:0, instance:rehubaTestcases.testcases@5965d37]" started-at="2022-06-26T21:25:12 GMT+05:30" name="beforeTest" finished-at="2022-06-26T21:25:12 GMT+05:30" duration-ms="1" status="PASS">
          <reporter-output>
          </reporter-output>
        </test-method> <!-- beforeTest -->
        <test-method is-config="true" signature="beforeClass()[pri:0, instance:rehubaTestcases.testcases@5965d37]" started-at="2022-06-26T21:25:12 GMT+05:30" name="beforeClass" finished-at="2022-06-26T21:25:12 GMT+05:30" duration-ms="1" status="PASS">
          <reporter-output>
          </reporter-output>
        </test-method> <!-- beforeClass -->
        <test-method is-config="true" signature="beforeMethod()[pri:0, instance:rehubaTestcases.testcases@5965d37]" started-at="2022-06-26T21:25:12 GMT+05:30" name="beforeMethod" finished-at="2022-06-26T21:25:15 GMT+05:30" duration-ms="3236" status="PASS">
          <reporter-output>
          </reporter-output>
        </test-method> <!-- beforeMethod -->
        <test-method signature="booking()[pri:0, instance:rehubaTestcases.testcases@5965d37]" started-at="2022-06-26T21:25:15 GMT+05:30" name="booking" finished-at="2022-06-26T21:25:17 GMT+05:30" duration-ms="2022" status="PASS">
          <reporter-output>
          </reporter-output>
        </test-method> <!-- booking -->
        <test-method is-config="true" signature="afterMethod()[pri:0, instance:rehubaTestcases.testcases@5965d37]" started-at="2022-06-26T21:25:17 GMT+05:30" name="afterMethod" finished-at="2022-06-26T21:25:17 GMT+05:30" duration-ms="1" status="PASS">
          <reporter-output>
          </reporter-output>
        </test-method> <!-- afterMethod -->
        <test-method is-config="true" signature="beforeMethod()[pri:0, instance:rehubaTestcases.testcases@5965d37]" started-at="2022-06-26T21:25:17 GMT+05:30" name="beforeMethod" finished-at="2022-06-26T21:25:19 GMT+05:30" duration-ms="1591" status="PASS">
          <reporter-output>
          </reporter-output>
        </test-method> <!-- beforeMethod -->
        <test-method signature="login()[pri:0, instance:rehubaTestcases.testcases@5965d37]" started-at="2022-06-26T21:25:19 GMT+05:30" name="login" finished-at="2022-06-26T21:25:19 GMT+05:30" duration-ms="388" status="PASS">
          <reporter-output>
          </reporter-output>
        </test-method> <!-- login -->
        <test-method is-config="true" signature="afterMethod()[pri:0, instance:rehubaTestcases.testcases@5965d37]" started-at="2022-06-26T21:25:19 GMT+05:30" name="afterMethod" finished-at="2022-06-26T21:25:19 GMT+05:30" duration-ms="0" status="PASS">
          <reporter-output>
          </reporter-output>
        </test-method> <!-- afterMethod -->
        <test-method is-config="true" signature="beforeMethod()[pri:0, instance:rehubaTestcases.testcases@5965d37]" started-at="2022-06-26T21:25:19 GMT+05:30" name="beforeMethod" finished-at="2022-06-26T21:25:21 GMT+05:30" duration-ms="1515" status="PASS">
          <reporter-output>
          </reporter-output>
        </test-method> <!-- beforeMethod -->
        <test-method signature="reg()[pri:0, instance:rehubaTestcases.testcases@5965d37]" started-at="2022-06-26T21:25:21 GMT+05:30" name="reg" finished-at="2022-06-26T21:25:23 GMT+05:30" duration-ms="2527" status="PASS">
          <reporter-output>
          </reporter-output>
        </test-method> <!-- reg -->
        <test-method is-config="true" signature="afterMethod()[pri:0, instance:rehubaTestcases.testcases@5965d37]" started-at="2022-06-26T21:25:23 GMT+05:30" name="afterMethod" finished-at="2022-06-26T21:25:23 GMT+05:30" duration-ms="1" status="PASS">
          <reporter-output>
          </reporter-output>
        </test-method> <!-- afterMethod -->
        <test-method is-config="true" signature="afterClass()[pri:0, instance:rehubaTestcases.testcases@5965d37]" started-at="2022-06-26T21:25:23 GMT+05:30" name="afterClass" finished-at="2022-06-26T21:25:23 GMT+05:30" duration-ms="1" status="PASS">
          <reporter-output>
          </reporter-output>
        </test-method> <!-- afterClass -->
        <test-method is-config="true" signature="afterTest()[pri:0, instance:rehubaTestcases.testcases@5965d37]" started-at="2022-06-26T21:25:23 GMT+05:30" name="afterTest" finished-at="2022-06-26T21:25:23 GMT+05:30" duration-ms="1" status="PASS">
          <reporter-output>
          </reporter-output>
        </test-method> <!-- afterTest -->
        <test-method is-config="true" signature="afterSuite()[pri:0, instance:rehubaTestcases.testcases@5965d37]" started-at="2022-06-26T21:25:24 GMT+05:30" name="afterSuite" finished-at="2022-06-26T21:25:24 GMT+05:30" duration-ms="0" status="PASS">
          <reporter-output>
          </reporter-output>
        </test-method> <!-- afterSuite -->
      </class> <!-- rehubaTestcases.testcases -->
    </test> <!-- Default test -->
  </suite> <!-- Default suite -->
</testng-results>
