<?xml version="1.0" encoding="UTF-8" ?>
<testsuite tests="1" failures="1" name="TestNGdemo.NewTest" time="4.928" errors="0" skipped="0">
  <properties>
[...]
</properties>
  <testcase classname="TestNGdemo.NewTest" name="tstmd" time="4.928">
    <failure message="expected [Adactin.com - Hotel Reservation System] but found [Adactin Launches The Adactin Hotel App! ]" type="java.lang.AssertionError">java.lang.AssertionError: expected [Adactin.com - Hotel Reservation System] but found [Adactin Launches The Adactin Hotel App! ]
	at org.testng.Assert.fail(Assert.java:110)
	at org.testng.Assert.failNotEquals(Assert.java:1413)
	at org.testng.Assert.assertEqualsImpl(Assert.java:149)
	at org.testng.Assert.assertEquals(Assert.java:131)
	at org.testng.Assert.assertEquals(Assert.java:655)
	at org.testng.Assert.assertEquals(Assert.java:665)
	at TestNGdemo.NewTest.tstmd(NewTest.java:33)
</failure>
    <system-out>Configuring TestNG with: org.apache.maven.surefire.testng.conf.TestNG652Configurator@fcd6521
Application is starting
</system-out>
    <system-err>SLF4J: Failed to load class &quot;org.slf4j.impl.StaticLoggerBinder&quot;.
SLF4J: Defaulting to no-operation (NOP) logger implementation
SLF4J: See http://www.slf4j.org/codes.html#StaticLoggerBinder for further details.
ERROR StatusLogger Log4j2 could not find a logging implementation. Please add log4j-core to the classpath. Using SimpleLogger to log to the console...
Starting ChromeDriver 102.0.5005.61 (0e59bcc00cc4985ce39ad31c150065f159d95ad3-refs/branch-heads/5005@{#819}) on port 58830
Only local connections are allowed.
Please see https://chromedriver.chromium.org/security-considerations for suggestions on keeping ChromeDriver safe.
ChromeDriver was started successfully.
Jun 26, 2022 1:03:35 PM org.openqa.selenium.remote.ProtocolHandshake createSession
INFO: Detected upstream dialect: W3C
Jun 26, 2022 1:03:36 PM org.openqa.selenium.devtools.CdpVersionFinder findNearestMatch
INFO: Found exact CDP implementation for version 102
</system-err>
  </testcase>
</testsuite>