<?xml version="1.0" encoding="UTF-8"?>
<!-- Generated by org.testng.reporters.JUnitXMLReporter -->
<testsuite ignored="0" hostname="Itctesting16" failures="1" tests="1" name="Command line test" time="5.185" errors="0" timestamp="2022-06-26T13:03:38 GMT+05:30">
  <testcase classname="TestNGdemo.NewTest" name="tstmd" time="4.92">
    <failure type="java.lang.AssertionError" message="expected [Adactin.com - Hotel Reservation System] but found [Adactin Launches The Adactin Hotel App! ]">
      <![CDATA[java.lang.AssertionError: expected [Adactin.com - Hotel Reservation System] but found [Adactin Launches The Adactin Hotel App! ]
at TestNGdemo.NewTest.tstmd(NewTest.java:33)
at java.base/java.util.ArrayList.forEach(ArrayList.java:1541)
... Removed 42 stack frames]]>
    </failure>
  </testcase> <!-- tstmd -->
</testsuite> <!-- Command line test -->
