<?xml version="1.0" encoding="UTF-8"?>
<!-- Generated by org.testng.reporters.JUnitXMLReporter -->
<testsuite ignored="0" hostname="Itctesting16" failures="0" tests="3" name="Default test" time="11.362" errors="0" timestamp="2022-06-26T21:25:23 GMT+05:30">
  <testcase classname="rehubaTestcases.testcases" name="booking" time="2.022"/>
  <testcase classname="rehubaTestcases.testcases" name="login" time="0.388"/>
  <testcase classname="rehubaTestcases.testcases" name="reg" time="2.527"/>
</testsuite> <!-- Default test -->
