<?xml version="1.0" encoding="UTF-8"?>
<testng-results ignored="0" total="0" passed="0" failed="0" skipped="0">
  <reporter-output>
  </reporter-output>
  <suite started-at="2022-06-23T22:01:47 GMT+05:30" name="Suite" finished-at="2022-06-23T22:01:47 GMT+05:30" duration-ms="38">
    <groups>
    </groups>
    <test started-at="2022-06-23T22:01:47 GMT+05:30" name="Test" finished-at="2022-06-23T22:01:47 GMT+05:30" duration-ms="38">
    </test> <!-- Test -->
  </suite> <!-- Suite -->
</testng-results>
