<?xml version="1.0" encoding="UTF-8"?>
<!-- Generated by org.testng.reporters.JUnitXMLReporter -->
<testsuite hostname="Itctesting03" failures="0" tests="13" name="Default test" time="111.986" errors="0" timestamp="7 Jul 2022 10:03:51 GMT">
  <testcase classname="testngs.bookings" name="bk1" time="21.508"/>
  <testcase classname="testngs.bookings" name="bk10" time="2.721"/>
  <testcase classname="testngs.bookings" name="bk11" time="3.793"/>
  <testcase classname="testngs.bookings" name="bk12" time="2.984"/>
  <testcase classname="testngs.bookings" name="bk13" time="3.79"/>
  <testcase classname="testngs.bookings" name="bk2" time="4.496"/>
  <testcase classname="testngs.bookings" name="bk3" time="5.977"/>
  <testcase classname="testngs.bookings" name="bk4" time="3.669"/>
  <testcase classname="testngs.bookings" name="bk5" time="2.964"/>
  <testcase classname="testngs.bookings" name="bk6" time="3.794"/>
  <testcase classname="testngs.bookings" name="bk7" time="3.106"/>
  <testcase classname="testngs.bookings" name="bk8" time="3.201"/>
  <testcase classname="testngs.bookings" name="bk9" time="4.003"/>
</testsuite> <!-- Default test -->
